4091
0 0 0 7
0 8 1 12
0 13 0 22
0 23 0 30
0 31 1 35
0 36 1 40
0 41 1 45
0 46 1 51
0 52 0 59
0 60 2 63
0 64 1 69
0 70 0 77
0 78 0 86
0 87 0 96
0 103 0 110
0 111 0 119
0 120 0 130
0 131 0 138
0 139 1 144
0 145 0 152
0 153 1 158
0 159 0 167
0 168 0 175
0 176 0 186
0 187 1 191
0 192 0 203
0 204 1 208
0 209 0 218
0 219 1 224
0 225 0 234
0 235 0 244
1 13 2 17
1 18 1 25
1 26 2 30
1 76 2 81
1 82 1 89
1 90 1 98
1 103 2 108
1 109 1 116
1 117 2 121
1 122 1 129
1 145 2 150
1 151 4 152
1 159 1 168
1 169 2 174
1 175 1 183
1 184 3 186
1 198 2 203
1 209 2 213
1 225 3 228
1 229 1 236
1 237 1 245
2 18 3 23
2 24 5 25
2 31 3 36
2 37 2 44
2 45 3 50
2 51 3 56
2 57 4 59
2 82 2 90
2 91 2 99
1 100 3 102
2 109 2 116
2 122 3 127
2 128 2 138
2 139 3 144
2 153 3 158
2 159 2 167
2 168 10 168
2 175 2 182
2 183 9 183
2 204 3 208
2 219 3 224
2 229 3 234
2 235 2 243
2 244 3 249
3 0 4 5
3 6 3 13
3 14 5 17
3 26 4 30
3 37 4 42
3 43 6 44
3 60 3 68
3 80 3 87
3 88 4 93
3 109 4 114
3 145 4 150
3 169 4 172
3 173 3 180
3 181 6 182
3 187 4 192
3 200 5 203
3 215 4 218
4 6 4 13
4 31 5 36
4 45 5 50
4 60 4 67
4 68 4 79
4 86 8 87
4 115 5 119
4 120 5 123
4 124 4 131
4 132 4 140
4 153 5 158
4 159 5 164
4 165 6 167
4 173 4 180
4 184 6 186
4 204 5 208
4 219 4 228
4 233 5 238
4 239 5 244
5 0 6 5
5 6 6 11
5 13 15 13
5 26 6 30
5 37 6 42
5 57 6 61
5 62 6 67
5 68 5 75
5 76 5 84
5 88 5 95
5 96 5 105
5 106 6 111
5 112 7 114
5 124 5 131
5 132 5 140
5 144 5 151
5 152 12 152
5 169 5 178
5 179 8 180
5 187 5 196
5 197 8 199
5 209 6 214
5 215 5 222
6 14 6 21
6 22 7 25
6 31 7 36
6 45 8 48
6 49 6 56
6 68 6 78
6 79 7 84
4 85 11 85
6 88 7 93
6 94 6 101
6 115 6 123
6 124 8 127
6 128 7 133
6 134 7 139
6 140 8 143
6 153 6 160
6 161 8 164
6 169 6 177
6 178 14 178
6 187 6 195
6 196 13 196
6 200 7 205
6 206 8 208
6 221 7 226
6 233 7 238
6 239 6 247
4 248 9 249
7 0 7 8
7 9 9 12
7 14 8 19
7 20 10 21
7 26 8 30
7 37 8 42
7 43 11 44
7 49 7 57
7 58 7 66
7 67 8 71
7 72 8 77
7 94 8 99
7 100 7 107
7 115 9 118
7 119 8 123
7 144 7 151
7 153 7 160
7 165 9 167
7 169 7 176
7 177 18 177
7 184 7 191
7 192 9 195
7 209 7 216
8 0 8 7
8 22 10 25
8 31 9 36
8 49 8 56
8 57 9 62
8 63 10 66
8 79 9 84
8 88 9 93
8 100 9 105
8 106 8 114
8 128 8 135
8 148 10 151
8 169 9 174
8 175 11 176
8 200 9 205
8 209 8 219
8 220 10 223
8 233 9 237
8 238 8 245
8 246 12 247
9 0 11 3
9 4 10 8
9 14 10 19
9 37 10 41
9 42 16 42
9 45 9 55
9 56 17 56
9 67 9 76
9 77 12 78
9 86 14 87
9 94 10 99
9 106 9 113
9 114 17 114
9 119 10 124
9 125 9 132
9 133 10 138
9 139 10 144
9 153 10 157
9 158 10 163
9 164 16 164
9 179 11 182
9 184 10 189
9 190 12 191
9 197 11 199
9 206 9 213
9 214 10 219
9 230 11 232
9 238 10 242
10 9 12 12
10 31 11 36
10 45 10 52
10 53 12 55
10 57 11 62
10 67 10 74
10 75 14 76
10 79 11 84
10 88 11 93
10 106 11 111
10 112 15 113
10 115 11 118
10 125 11 130
10 131 14 132
10 169 11 174
10 200 10 207
10 208 11 213
10 224 11 229
10 248 14 249
11 4 12 8
11 14 12 19
11 20 11 28
11 29 15 30
11 51 16 52
11 63 11 70
11 71 12 74
11 94 12 99
11 123 14 124
11 133 12 137
11 138 12 143
11 144 12 149
11 150 16 151
11 153 12 157
11 167 16 168
11 184 13 187
11 188 15 189
11 200 12 205
11 206 15 207
11 214 12 219
11 220 13 223
11 233 11 244
12 0 14 3
12 20 13 25
12 26 15 28
12 31 13 36
12 43 13 47
12 57 14 60
12 61 12 68
12 69 17 70
12 79 13 83
12 88 13 93
12 100 13 105
12 106 13 111
12 115 13 119
12 169 12 176
12 179 13 183
12 197 15 199
12 208 13 213
12 224 12 232
12 233 12 241
12 242 14 245
13 4 13 12
13 14 14 18
13 19 22 19
13 37 14 41
13 48 15 50
13 53 15 55
13 71 15 74
13 133 13 141
13 142 14 146
13 147 16 149
13 152 13 159
13 160 15 163
13 173 15 176
13 190 14 195
13 200 14 205
13 214 14 219
13 230 13 237
13 238 15 241
13 246 17 247
14 4 15 9
14 31 15 36
14 43 15 47
14 79 15 84
14 88 14 95
14 108 16 111
14 115 15 120
14 121 17 122
14 125 15 130
10 165 15 166
14 179 15 184
14 185 16 187
14 196 24 196
14 208 15 212
14 213 22 213
14 220 14 228
14 230 14 237
15 0 16 3
15 37 16 41
15 57 15 64
15 65 17 68
15 97 15 104
15 105 17 107
15 123 18 124
15 131 15 142
15 143 16 146
15 158 19 159
15 178 24 178
15 190 16 195
15 200 16 205
15 214 15 221
15 222 16 226
15 227 15 234
15 235 17 237
15 248 19 249
16 4 18 7
16 9 16 16
16 20 17 24
16 25 16 32
16 33 18 36
16 53 18 55
16 57 16 64
16 71 17 75
16 79 17 84
15 86 16 91
16 92 16 103
16 104 25 104
16 112 19 113
16 115 17 120
16 160 18 163
16 165 20 166
16 179 17 184
16 188 21 189
16 197 18 199
16 214 17 219
16 220 20 221
16 233 20 234
16 238 17 243
17 0 18 3
17 9 17 16
17 17 20 18
17 25 17 32
17 37 18 41
17 42 17 50
17 51 21 52
17 92 18 97
17 98 18 103
17 108 19 111
17 136 17 143
17 144 18 149
17 150 18 155
16 156 19 157
17 164 24 164
17 167 17 175
17 185 19 187
17 190 18 195
17 200 17 210
17 211 21 212
17 222 17 229
18 8 18 15
18 16 27 16
18 20 18 29
18 30 20 32
18 42 19 47
18 48 20 50
18 56 18 63
18 64 19 69
18 76 18 83
18 84 18 91
18 105 20 107
18 114 18 122
18 125 19 129
18 130 18 137
18 138 19 143
18 167 18 174
18 200 18 208
18 209 23 210
18 214 19 219
18 222 18 229
18 230 21 232
18 235 18 242
18 243 19 247
19 0 20 4
19 5 19 12
19 20 19 28
19 33 19 40
19 41 27 41
19 53 19 60
19 61 22 63
19 76 20 81
19 82 20 87
19 88 19 95
19 96 20 101
19 114 19 124
19 130 19 137
19 144 20 149
19 160 21 163
19 173 20 177
19 190 20 195
19 197 19 207
19 208 26 208
19 222 20 226
19 227 22 229
19 235 20 240
20 5 20 12
20 20 21 25
20 26 22 29
20 33 20 40
20 42 21 47
20 53 20 60
20 64 21 68
20 69 21 73
20 74 24 75
20 88 21 92
20 93 23 95
20 108 20 115
20 122 21 127
20 128 21 132
20 138 21 143
20 156 21 159
20 179 20 186
20 187 27 187
20 197 21 202
20 203 21 207
20 214 21 219
20 243 21 247
20 248 23 249
21 0 21 8
21 17 25 18
21 30 21 37
21 38 23 40
21 48 24 50
21 76 21 84
21 85 24 87
21 105 22 109
21 110 21 117
21 144 22 149
21 150 22 155
21 165 21 174
21 177 30 177
21 179 21 186
21 233 22 238
22 0 22 8
22 20 23 25
22 30 22 37
22 42 23 47
22 51 22 58
22 59 25 60
22 64 22 72
22 73 29 73
22 76 23 81
22 82 24 84
22 110 23 115
22 116 22 123
22 129 22 136
22 156 22 163
22 165 23 170
22 179 22 186
22 197 23 202
22 211 25 212
22 214 22 221
22 222 23 226
22 230 24 232
22 242 23 247
23 0 24 5
23 26 23 33
23 34 25 37
23 61 23 68
23 69 25 72
23 105 24 109
23 116 24 121
23 129 23 136
23 137 24 142
23 143 23 151
23 152 23 160
23 161 25 163
23 188 23 195
23 213 24 217
23 218 25 221
23 233 24 237
23 238 25 241
24 19 24 26
24 42 25 47
24 76 25 81
24 88 24 95
24 96 24 103
24 110 25 115
24 128 24 135
24 136 33 136
24 143 24 150
24 151 24 159
24 165 25 169
24 170 25 175
24 179 24 186
24 188 24 195
24 197 24 207
24 209 29 210
24 222 24 229
24 242 24 249
25 0 25 7
25 19 25 26
25 53 26 58
25 61 26 66
25 74 29 75
25 82 26 87
25 88 25 98
25 99 26 103
25 105 26 109
25 116 26 121
25 122 25 129
25 130 26 135
25 137 25 146
25 147 26 151
25 152 26 157
25 164 35 164
25 178 26 182
25 183 27 186
25 188 26 193
25 194 26 198
25 213 26 217
25 222 25 229
25 230 26 235
25 236 30 237
25 242 26 246
25 247 27 249
26 0 26 7
26 8 26 15
26 18 26 29
26 35 27 40
26 42 28 45
26 59 30 60
26 69 28 72
26 76 27 81
26 88 26 97
26 98 36 98
26 104 33 104
26 113 29 115
26 137 27 141
26 142 27 146
26 160 28 163
26 165 27 170
26 171 27 176
26 205 28 207
26 211 30 212
26 218 26 225
26 226 27 229
26 238 28 241
27 3 27 10
27 11 28 15
27 22 27 29
27 46 28 51
27 52 28 57
27 58 34 58
27 61 27 68
27 82 28 87
27 88 28 92
27 93 28 97
27 105 27 112
27 116 27 124
27 125 27 132
27 133 29 135
27 147 27 155
27 156 28 159
27 178 28 182
27 188 27 195
27 196 29 199
27 213 27 223
27 224 32 225
27 230 28 235
27 242 28 246
28 2 28 10
28 16 30 19
28 20 28 27
28 28 28 35
28 36 29 41
28 61 29 65
28 76 29 81
28 105 29 110
28 116 29 121
28 131 33 132
28 137 28 145
28 146 30 149
28 150 29 154
28 165 28 173
28 174 30 176
28 183 28 192
28 193 30 195
28 200 29 204
28 226 30 229
29 4 29 11
29 20 29 28
29 30 30 35
29 54 31 57
29 69 31 72
29 82 29 91
29 92 30 97
29 99 30 103
29 111 33 112
29 137 31 140
29 141 30 145
29 156 30 160
29 161 31 163
29 165 30 169
29 170 31 173
29 178 30 183
29 184 30 189
29 205 30 208
29 213 29 220
29 230 30 235
29 238 29 246
30 0 30 7
30 8 30 15
30 20 31 25
30 36 31 39
30 40 31 44
30 45 30 52
30 61 30 68
30 73 31 77
30 78 30 85
30 86 31 91
30 105 31 109
30 113 30 121
30 126 31 130
30 133 32 135
30 150 31 155
30 196 31 201
30 202 32 204
30 209 35 210
30 213 30 221
30 238 31 242
31 0 31 7
31 8 31 15
31 16 33 19
31 30 32 35
31 59 31 66
31 78 31 85
31 92 32 97
31 113 31 120
31 121 32 125
31 141 31 149
31 156 32 160
31 165 32 169
31 174 31 181
31 182 32 187
31 194 34 195
31 211 31 219
31 220 33 223
31 226 31 233
32 0 32 7
32 8 33 13
32 14 35 15
32 20 33 25
32 36 34 39
32 40 32 48
32 54 34 57
32 59 33 64
32 65 32 72
32 73 32 84
32 113 33 117
32 118 34 120
32 126 33 130
32 137 33 142
32 143 33 148
32 161 34 163
32 170 32 177
32 178 34 181
32 196 33 201
32 211 33 215
32 216 33 219
32 226 32 233
32 237 32 244
32 245 33 249
33 26 34 31
33 32 35 35
33 40 33 49
33 50 35 53
33 71 34 75
33 76 33 83
33 89 33 96
33 97 41 97
33 99 34 103
33 121 34 125
33 133 36 135
33 149 33 156
33 157 35 160
33 165 33 173
33 182 34 187
33 188 34 192
32 193 39 193
33 202 34 207
33 224 33 231
33 232 33 239
34 5 35 10
34 11 36 13
34 16 35 21
34 22 36 25
34 40 34 48
34 49 41 49
34 59 34 66
34 76 34 83
34 90 35 95
34 104 35 109
34 136 34 143
34 144 35 149
34 165 35 170
34 171 35 176
34 196 35 201
34 211 34 218
34 225 35 230
34 231 35 236
34 237 34 246
34 247 37 249
35 26 36 31
35 36 37 39
35 40 35 47
35 48 46 48
35 54 35 61
35 62 35 69
35 76 35 83
35 84 36 89
35 110 35 117
35 118 36 123
35 136 36 141
35 142 39 143
35 161 38 163
35 177 36 182
35 183 37 186
35 187 36 192
35 194 39 195
35 211 35 219
35 237 35 245
35 246 42 246
36 0 36 7
36 8 39 10
36 20 41 21
36 32 38 35
36 50 36 58
36 59 36 66
36 67 37 71
36 76 37 81
36 104 37 109
36 124 37 129
36 144 36 151
36 152 36 159
36 160 45 160
36 164 36 173
36 174 38 176
36 196 37 201
36 202 36 212
36 213 36 220
36 227 37 232
36 233 36 241
36 242 37 245
37 11 38 15
37 22 38 26
37 27 38 31
37 51 37 62
37 63 38 66
37 72 39 75
37 83 37 90
37 91 38 96
37 98 38 103
37 110 37 117
37 118 38 123
37 133 38 138
37 139 39 141
37 144 37 151
37 170 39 173
37 177 38 182
37 187 38 192
37 202 37 209
37 210 37 218
37 233 38 238
37 239 39 241
38 16 40 19
38 36 38 45
38 56 39 61
38 62 46 62
38 67 39 71
38 76 38 83
38 84 39 89
38 90 47 90
38 104 39 109
38 111 39 115
38 116 42 117
38 144 39 149
38 150 39 155
38 156 40 159
38 183 40 186
38 196 38 203
38 210 38 217
38 218 39 223
38 242 39 245
38 247 40 249
39 11 40 15
39 22 39 29
39 30 40 35
39 40 39 47
39 50 40 55
39 76 40 81
39 91 40 96
39 98 40 103
39 118 39 125
39 126 39 133
39 134 40 138
39 174 40 179
39 180 42 182
39 187 40 192
39 196 39 205
39 210 40 215
39 224 40 228
40 6 41 10
40 28 43 29
40 46 44 47
40 66 40 73
40 74 43 75
40 84 41 89
40 118 41 123
40 130 41 133
40 139 41 143
40 144 40 151
40 152 42 155
40 161 40 168
40 169 41 173
40 193 41 198
40 199 40 207
40 218 41 223
40 231 40 241
40 242 42 245
41 11 42 16
41 17 43 19
41 30 41 38
41 50 41 59
41 67 42 71
41 72 45 73
41 76 42 81
41 91 42 96
41 98 41 106
41 107 41 115
41 134 42 138
41 144 42 149
41 150 44 151
41 156 42 159
41 161 42 166
41 167 45 168
41 174 42 179
41 183 41 190
41 191 46 192
41 199 43 202
41 203 41 213
41 224 41 231
41 233 41 241
41 247 43 249
42 0 42 8
42 9 45 10
42 30 42 37
42 38 43 43
41 44 45 45
42 49 42 56
42 57 43 61
42 63 44 66
42 82 43 87
42 97 42 105
42 118 43 123
42 124 43 128
42 129 43 133
42 139 43 143
42 193 43 198
42 203 42 210
42 211 42 220
42 221 42 228
42 229 42 239
42 240 47 241
43 0 43 8
43 11 44 16
43 20 45 23
43 24 45 27
43 30 44 35
43 36 47 37
43 49 43 56
43 76 44 81
43 91 43 98
43 99 43 107
43 108 43 116
43 117 52 117
43 134 44 138
43 144 44 149
43 152 44 157
43 158 48 159
43 161 44 166
43 169 43 180
43 181 43 190
43 203 43 210
43 211 44 215
43 218 44 223
43 224 43 234
44 0 45 5
44 6 46 8
44 28 48 29
44 38 45 43
44 49 44 56
44 57 45 61
44 74 47 75
44 91 45 95
44 97 44 104
44 105 44 112
44 113 45 116
44 118 45 123
44 124 44 131
44 132 48 133
44 169 45 174
44 175 44 185
44 186 45 190
44 193 44 200
44 201 44 208
44 209 47 210
44 224 45 229
44 247 47 249
45 11 45 18
45 30 46 35
45 46 49 47
45 63 45 70
45 71 52 71
45 76 45 83
45 97 45 104
45 124 45 131
45 134 45 141
45 144 47 147
45 148 45 156
45 157 53 157
45 161 46 166
45 181 46 185
45 193 45 200
45 211 46 216
45 230 45 237
45 238 50 239
45 242 46 246
46 0 47 5
46 9 47 14
46 15 46 23
46 24 47 27
46 38 46 45
46 61 54 61
46 63 46 70
46 72 50 73
46 76 46 84
46 91 46 100
46 112 47 116
46 118 46 128
46 129 49 131
46 134 47 138
46 160 53 160
46 167 46 174
46 186 47 190
46 193 47 198
46 199 46 206
46 207 50 208
46 223 47 228
46 229 46 236
47 6 50 8
47 15 47 23
47 30 48 35
47 38 48 43
47 44 52 45
47 48 48 53
47 62 48 67
47 68 50 70
47 76 47 83
47 84 48 89
47 91 48 96
47 97 48 102
47 118 47 126
47 127 50 128
47 148 47 155
47 161 47 168
47 169 47 176
47 177 48 182
47 183 49 185
47 191 51 192
47 199 49 202
47 203 48 206
47 211 48 215
47 229 48 234
47 235 50 237
48 0 49 5
48 9 49 12
48 13 48 23
48 24 50 27
48 36 51 37
48 74 48 81
48 82 52 83
48 90 55 90
48 103 48 110
48 111 49 115
48 116 55 116
48 118 49 123
48 124 50 126
48 134 49 139
48 140 49 144
48 145 48 152
48 153 50 156
48 161 49 165
48 166 48 175
48 176 56 176
48 193 49 198
48 216 48 223
48 224 49 228
49 13 50 17
49 28 49 35
49 38 50 43
49 54 50 59
48 60 55 60
49 74 49 81
49 84 50 89
49 91 49 99
49 100 50 105
49 132 53 133
49 145 49 152
49 158 54 159
49 166 49 173
49 174 52 175
49 177 50 182
49 203 50 206
49 211 49 218
49 219 50 223
49 229 50 234
49 240 49 247
49 248 52 249
50 0 51 5
50 9 52 12
50 28 50 35
50 91 51 95
50 96 51 99
50 111 51 115
50 118 52 121
50 122 55 123
50 129 52 131
50 134 50 141
50 148 51 152
50 161 50 170
50 171 52 173
50 183 51 188
50 193 50 201
50 202 58 202
50 211 51 216
50 217 53 218
50 224 51 228
50 245 53 247
51 6 53 8
51 13 51 22
51 23 51 31
51 32 53 35
51 46 52 51
51 62 52 67
51 100 52 105
51 106 52 110
51 124 52 128
51 134 51 143
51 161 51 170
51 193 52 198
51 199 53 201
51 219 52 223
51 229 51 236
52 0 53 5
52 13 53 17
52 18 53 23
52 36 53 40
52 58 56 59
52 72 53 77
52 78 54 81
52 91 53 96
52 97 54 99
52 134 54 137
52 138 52 146
52 147 53 152
52 161 52 169
52 182 53 187
52 203 52 211
52 212 53 216
52 224 53 229
52 230 53 235
52 242 54 244
53 9 55 12
53 41 54 46
53 47 54 51
53 62 54 67
53 71 61 71
53 82 54 87
53 88 56 89
53 100 54 105
53 117 54 121
53 124 54 128
53 129 55 131
53 138 54 142
53 143 55 146
53 161 54 166
53 167 54 172
53 173 55 175
53 177 54 181
53 193 54 198
53 203 53 210
53 211 61 211
53 248 56 249
54 0 54 8
54 13 56 16
54 17 54 24
54 25 54 33
54 52 55 57
54 72 55 77
54 91 55 96
54 112 56 115
54 132 58 133
54 153 55 157
54 160 63 160
54 182 55 187
54 188 55 192
54 199 56 201
54 203 55 207
54 224 55 229
54 245 56 247
55 0 55 8
55 17 56 22
55 23 56 28
55 29 55 36
55 37 55 44
55 45 56 49
55 50 58 51
55 61 56 66
55 67 56 70
55 78 56 82
55 83 57 86
55 87 63 87
55 97 56 102
55 103 55 110
55 111 62 111
55 117 56 121
55 134 56 139
55 140 57 142
55 158 60 159
55 161 55 170
55 171 58 172
55 193 56 198
55 242 58 244
56 0 56 7
56 29 57 34
56 35 56 43
56 44 63 44
56 52 57 57
56 60 64 60
56 72 57 77
56 143 56 151
56 152 57 157
56 161 56 168
56 173 59 175
56 182 56 189
56 190 58 192
56 203 57 207
56 218 57 223
56 224 56 231
56 232 57 237
56 238 57 241
57 0 58 5
57 6 57 16
57 23 58 28
57 35 57 42
57 45 58 49
57 58 61 59
57 61 58 66
57 67 58 70
57 78 58 82
57 94 57 101
57 102 58 107
57 108 59 110
57 112 57 119
57 120 57 129
56 130 61 131
57 134 58 139
57 143 58 148
57 149 59 151
57 161 58 166
57 167 59 170
57 176 57 183
57 184 58 189
57 193 58 198
57 199 60 201
57 224 58 229
57 230 62 231
58 6 59 10
58 11 60 14
58 15 59 20
58 29 58 37
58 38 59 43
58 72 59 77
58 83 60 86
58 93 58 100
58 101 66 101
58 117 58 124
58 125 59 129
58 152 59 157
58 203 58 210
58 212 58 220
58 221 60 223
59 0 60 5
59 21 60 25
59 26 60 31
59 32 60 37
59 45 59 53
59 78 60 82
59 88 59 95
59 96 60 100
59 118 60 123
59 132 59 139
59 143 60 148
59 161 60 166
59 176 59 184
59 189 59 197
59 202 61 205
59 212 60 217
59 218 62 220
59 224 60 229
59 232 59 240
59 241 59 248
57 249 68 249
60 6 62 9
60 15 61 20
60 45 60 53
60 54 62 57
60 67 61 70
60 72 61 77
60 88 61 93
60 94 65 95
60 108 63 110
60 125 61 129
60 132 60 140
60 149 60 156
60 157 68 157
60 167 61 172
60 173 60 180
60 181 61 186
60 232 60 239
60 240 60 247
60 248 67 248
61 0 62 5
61 11 62 14
61 45 61 52
61 78 62 82
61 83 62 86
61 96 62 100
61 102 62 107
61 132 61 139
61 143 61 150
61 158 64 159
61 161 62 166
61 173 61 180
61 187 61 194
61 195 62 200
61 201 70 201
61 206 62 210
61 212 62 216
61 217 69 217
61 232 62 237
61 238 61 245
61 246 65 247
62 15 62 25
62 26 63 31
62 32 62 39
62 40 63 43
62 45 62 53
62 61 62 69
62 70 64 73
62 88 63 93
62 112 62 123
62 125 64 128
62 141 62 148
62 167 63 171
62 173 63 178
62 179 62 186
62 187 63 192
62 193 65 194
62 202 64 205
62 211 73 211
62 221 63 225
62 226 64 229
62 238 62 245
63 0 64 4
63 5 64 9
63 10 63 19
63 32 64 37
63 38 67 39
63 45 63 52
63 54 64 59
63 78 64 83
63 84 65 86
63 96 64 100
63 111 64 116
63 133 63 140
63 146 63 153
62 154 65 156
63 161 64 166
63 185 67 186
63 195 64 200
63 212 64 216
63 230 63 237
63 238 64 242
63 243 66 245
64 11 65 16
64 17 64 24
64 26 66 29
64 30 68 31
64 40 64 47
64 48 65 53
64 61 65 65
63 66 65 69
64 87 65 92
64 93 71 93
64 107 66 110
64 117 65 122
64 123 68 124
64 133 64 140
64 145 64 153
64 160 71 160
64 173 65 178
64 221 65 225
64 230 65 234
65 0 66 5
65 17 67 20
65 32 66 37
65 40 65 47
65 59 69 60
65 70 65 77
65 78 66 83
65 96 66 100
65 102 66 106
65 125 65 132
65 133 66 138
65 139 65 148
65 149 66 153
65 158 69 159
65 161 65 169
65 179 66 184
65 202 66 207
65 208 68 210
65 212 66 216
65 226 66 229
66 10 67 15
66 16 74 16
66 40 67 45
66 46 67 51
66 52 67 57
66 61 67 66
66 67 68 70
66 94 69 95
66 131 70 132
66 139 66 146
66 147 69 148
66 154 68 156
66 161 66 168
66 169 67 174
66 175 68 178
66 187 66 195
66 220 67 225
66 230 66 237
66 246 69 247
67 0 68 5
67 6 69 9
67 21 68 26
67 71 67 78
67 79 68 83
67 84 67 91
66 92 73 92
67 99 67 106
67 107 67 114
67 133 67 140
67 141 68 146
67 149 68 153
67 161 68 164
67 179 68 183
67 184 76 184
67 187 67 194
67 195 68 200
67 202 68 207
67 212 68 216
67 218 70 219
67 226 69 229
67 230 67 237
67 238 67 245
68 11 69 15
68 17 70 20
68 37 69 42
68 43 68 50
68 51 68 58
68 61 69 66
68 77 71 78
68 100 68 107
68 108 68 116
68 125 69 130
68 138 71 140
68 169 69 174
68 185 68 192
68 193 72 194
68 220 69 225
68 230 69 235
68 236 68 243
68 244 73 245
68 248 75 248
69 0 70 5
69 21 69 28
69 30 70 35
67 36 76 36
69 43 70 48
69 49 69 56
69 57 73 58
69 67 70 72
69 79 70 84
69 100 70 103
69 104 69 112
69 113 70 117
69 123 72 124
69 141 70 146
69 149 69 156
69 157 76 157
69 161 69 168
69 175 70 180
69 195 70 200
69 212 70 216
69 236 70 241
69 242 73 243
69 249 78 249
70 6 71 11
70 12 72 15
70 37 71 42
70 49 71 54
70 55 75 56
70 59 71 63
70 64 72 66
70 73 71 76
70 94 71 99
70 104 71 109
70 110 72 112
70 125 71 130
70 133 71 137
70 161 72 164
70 165 70 174
70 185 71 190
70 191 73 192
70 202 70 210
70 217 81 217
70 220 70 227
70 246 73 247
71 17 72 22
71 23 72 28
71 35 78 35
71 67 72 72
71 79 71 86
71 87 72 91
71 100 73 103
71 113 72 118
71 131 75 132
71 141 72 145
71 146 72 151
71 165 72 170
71 171 71 178
71 195 71 203
71 204 72 207
71 208 74 210
71 212 72 216
71 218 72 222
71 223 71 231
71 238 73 241
72 6 73 11
72 37 73 41
72 42 73 46
72 49 73 54
72 59 73 63
72 73 72 80
72 81 73 86
72 98 77 99
72 104 73 109
72 125 73 130
72 159 77 160
72 171 72 178
72 185 73 190
72 223 72 230
73 0 74 5
73 12 74 15
73 17 73 24
73 25 73 33
71 34 78 34
72 47 76 48
73 64 74 69
73 70 74 75
73 76 75 79
73 80 83 80
73 87 74 91
73 110 73 118
73 123 77 124
73 133 73 141
73 142 73 152
73 161 74 165
73 170 73 177
73 178 74 183
73 193 73 200
73 212 74 216
73 218 74 223
73 224 74 229
73 230 74 235
73 237 80 237
74 6 75 11
74 17 74 26
74 37 74 44
74 49 75 54
74 57 75 61
74 81 75 86
74 100 74 107
74 114 75 119
74 125 75 130
74 133 75 138
74 139 74 147
74 148 75 152
74 170 75 175
74 176 78 177
74 185 74 193
74 194 75 199
74 200 74 207
74 211 84 211
74 236 81 236
74 238 74 246
74 247 81 247
75 0 76 5
75 12 75 22
75 23 77 26
75 37 76 42
75 43 76 46
75 64 76 69
75 139 75 146
75 147 82 147
75 161 75 168
75 185 76 190
75 191 78 193
75 200 75 207
75 208 78 210
75 218 76 223
75 230 76 235
75 244 77 246
76 6 76 15
76 61 78 63
76 76 78 79
76 93 77 97
76 100 76 108
76 109 76 119
76 125 77 130
76 131 77 136
76 137 76 144
76 145 81 146
76 148 76 155
75 158 82 158
76 161 76 172
76 173 78 175
76 194 76 201
76 248 86 248
77 0 78 5
77 6 78 11
77 12 77 20
77 21 81 22
77 36 78 41
77 42 78 47
77 48 77 55
77 56 78 60
77 64 77 71
77 72 79 75
77 87 78 92
77 100 78 105
77 106 78 111
77 157 84 157
77 161 77 169
77 170 80 172
77 178 78 183
77 194 77 201
76 212 77 216
76 224 77 229
77 230 78 235
77 238 78 243
78 12 78 19
78 20 88 20
78 23 78 30
78 31 80 33
78 81 79 86
78 93 79 98
78 99 85 99
78 123 78 130
78 131 78 138
78 139 79 144
78 154 80 156
78 159 78 167
78 168 81 169
78 199 78 206
77 207 84 207
78 224 79 228
78 229 86 229
78 244 81 246
79 0 80 4
79 5 79 16
79 17 81 19
79 23 79 30
79 34 79 44
79 46 79 53
79 54 79 64
79 87 80 92
79 100 79 107
79 108 79 116
79 117 79 125
79 126 79 134
79 135 81 138
79 159 79 166
79 167 86 167
79 173 79 184
79 185 79 193
79 200 80 204
79 205 83 206
79 208 82 210
79 230 80 235
79 238 80 243
79 249 88 249
80 5 80 14
80 15 85 16
80 23 81 27
80 28 82 30
80 34 81 39
80 40 81 45
80 46 80 54
80 55 80 62
80 63 81 67
80 74 81 79
80 93 81 98
80 100 80 107
80 108 81 113
80 114 81 119
80 120 81 125
80 139 81 144
80 159 81 164
80 165 84 166
80 173 81 178
80 179 80 188
80 189 81 194
80 224 81 228
81 0 81 7
81 46 83 49
81 50 81 57
81 58 82 62
81 100 81 107
81 126 81 134
81 154 83 156
81 179 81 186
81 187 85 188
81 199 82 204
81 212 82 216
81 218 82 222
79 223 86 223
81 230 82 234
81 235 88 235
82 0 82 7
82 8 83 13
82 21 83 26
82 27 92 27
82 33 82 40
82 50 83 55
82 56 85 57
82 63 83 68
82 69 82 76
82 77 84 79
82 81 83 86
82 93 83 98
82 100 82 110
82 111 82 118
82 119 82 127
82 128 82 137
82 138 83 143
82 144 84 146
82 168 82 179
82 189 82 196
82 217 92 217
82 224 83 228
82 236 83 241
82 242 83 247
83 0 83 7
83 28 83 35
83 36 83 43
83 58 84 62
83 69 83 76
83 87 84 92
83 100 83 108
83 114 83 121
83 122 83 131
83 132 84 137
83 152 88 153
83 158 84 163
83 168 84 173
83 174 84 179
83 180 84 185
83 186 90 186
83 189 83 196
83 199 84 203
83 208 85 210
83 218 84 222
84 0 85 4
84 5 84 13
84 21 85 26
84 28 86 31
84 33 85 38
84 39 85 44
84 45 84 54
84 69 84 76
84 85 88 86
84 100 84 107
84 108 85 113
84 126 85 131
84 154 87 156
82 164 91 164
84 189 85 194
84 195 86 198
84 205 87 206
84 236 84 245
84 246 89 247
85 5 86 10
85 45 86 50
85 51 86 55
85 58 85 66
85 68 85 75
85 76 86 81
85 87 85 97
85 120 87 123
85 132 85 140
85 144 85 151
85 165 88 166
85 168 85 176
85 177 85 184
85 185 95 185
85 199 86 203
85 207 96 207
85 211 86 216
85 218 86 222
85 230 86 234
85 236 85 244
85 245 95 245
86 0 87 4
86 21 87 26
86 33 87 38
86 39 87 44
86 56 86 63
86 64 87 69
86 70 88 73
86 74 91 75
86 82 88 84
86 87 86 94
86 95 87 100
86 101 86 108
86 109 86 116
86 117 89 119
86 126 87 131
86 132 86 140
86 141 86 148
85 161 87 163
86 168 87 173
86 174 88 177
86 187 87 192
86 208 88 210
86 236 86 243
86 244 96 244
87 5 87 12
87 45 87 52
87 53 88 58
87 87 88 92
87 93 91 94
87 101 88 106
87 107 88 111
87 112 88 116
87 138 88 143
87 144 88 148
87 193 87 203
87 211 88 216
87 218 88 223
87 229 88 234
87 236 88 240
87 241 89 243
87 248 97 248
88 6 89 11
88 12 89 15
88 33 88 40
88 41 89 46
88 47 89 52
88 64 89 69
88 95 89 100
88 120 88 127
88 128 89 133
88 154 89 159
88 161 90 163
88 168 89 173
88 178 89 182
88 183 92 184
88 187 88 194
88 195 89 199
89 20 90 25
89 40 98 40
89 53 90 58
89 59 90 63
89 70 90 73
89 76 89 83
89 84 90 88
89 89 90 92
89 101 90 106
89 120 89 127
89 134 91 137
89 138 89 145
85 160 96 160
89 165 92 167
89 174 90 177
89 187 89 194
89 200 90 205
88 206 95 206
89 208 90 213
89 214 91 216
89 218 89 229
89 230 90 235
89 249 98 249
90 0 91 5
90 6 90 13
88 26 95 26
90 28 91 33
90 34 91 39
90 44 90 51
90 52 97 52
90 64 91 69
90 95 91 100
90 107 90 117
90 118 90 126
90 127 91 132
90 138 90 145
90 152 90 159
90 168 91 173
90 178 91 182
90 187 91 192
90 195 91 199
90 224 91 228
90 229 98 229
90 241 92 243
91 6 91 13
91 20 92 25
91 44 92 49
91 50 94 51
91 53 91 61
91 62 96 63
91 70 92 73
91 76 92 81
91 82 92 87
91 88 92 92
91 101 91 108
91 109 91 117
91 118 91 125
91 126 102 126
91 138 91 145
91 156 92 159
91 161 94 163
91 174 93 177
91 186 98 186
91 200 92 205
91 208 92 213
91 236 92 240
92 0 92 8
92 9 94 12
92 28 92 36
92 37 95 39
92 64 93 68
92 69 99 69
92 74 96 75
92 93 93 98
92 99 94 102
92 103 93 108
92 121 93 125
92 127 93 132
92 134 92 141
92 145 92 152
92 164 99 164
92 168 93 173
92 178 93 182
92 187 92 195
92 196 94 199
92 214 95 216
92 218 93 223
93 0 94 5
93 6 95 8
93 13 93 20
93 21 94 25
93 27 93 35
93 36 100 36
93 41 94 45
93 46 95 49
93 53 94 58
93 59 95 61
93 70 94 73
93 76 94 81
93 82 94 86
93 87 94 92
93 109 94 114
93 115 94 120
93 134 93 141
93 146 93 153
93 156 95 159
93 165 96 167
93 183 97 184
93 193 96 195
93 200 94 205
93 208 94 213
93 217 100 217
93 230 94 234
94 13 95 18
94 19 97 20
94 27 95 32
94 33 97 35
94 64 95 68
94 103 95 108
94 121 95 125
94 127 94 134
94 135 94 143
94 146 94 153
92 154 96 155
94 168 95 173
94 174 95 179
94 180 96 182
94 224 95 228
94 235 95 240
94 241 96 243
95 0 96 5
95 9 97 12
95 21 96 25
95 41 96 45
95 50 99 51
95 53 96 58
95 70 96 73
95 76 95 83
95 84 96 89
95 90 95 97
95 109 95 116
95 117 97 120
95 127 96 132
95 133 95 140
95 141 96 145
95 146 96 150
95 151 97 153
95 161 98 163
95 187 97 190
95 191 99 192
95 196 96 201
95 202 96 205
95 208 96 213
95 230 96 234
96 6 99 8
96 13 97 18
96 26 97 31
96 32 104 32
96 46 98 49
96 59 99 61
96 64 97 68
96 76 97 80
96 81 98 83
96 90 96 98
96 103 96 110
96 111 97 116
96 134 97 139
96 140 103 140
96 156 98 159
96 168 97 173
96 174 97 179
96 185 106 185
96 206 103 206
96 214 99 216
96 218 96 225
96 226 98 228
96 235 97 240
96 245 98 247
97 21 98 25
97 41 98 45
97 53 98 58
97 62 101 63
97 70 98 75
97 84 98 88
97 89 98 94
97 95 98 100
97 102 97 109
97 110 106 110
97 141 97 148
97 154 102 155
97 160 105 160
97 165 100 167
97 193 97 200
97 207 98 212
97 213 105 213
97 218 97 225
97 230 98 234
97 241 99 244
98 9 98 17
98 18 101 20
98 26 99 31
98 52 107 52
98 64 99 68
98 101 98 109
98 111 99 116
98 123 101 125
98 127 98 135
98 136 99 139
98 141 98 148
98 151 100 153
98 168 98 176
98 183 102 184
98 187 100 190
98 193 98 200
98 218 99 222
98 235 99 240
98 248 108 248
99 0 100 5
99 9 101 12
99 13 101 16
99 17 110 17
99 21 100 25
99 38 99 46
99 47 102 49
99 53 100 58
99 74 100 79
99 81 100 86
99 87 99 96
99 97 100 101
99 127 100 132
99 134 103 135
99 147 101 150
99 156 100 159
99 161 102 163
99 168 99 176
99 186 108 186
99 193 100 198
99 207 100 212
99 226 100 230
99 231 101 234
99 245 101 247
100 6 103 8
100 26 101 31
100 37 101 42
100 43 102 46
100 50 104 51
100 59 103 61
100 64 101 69
98 80 106 80
100 87 101 91
100 92 101 96
100 111 101 115
100 136 101 139
100 164 107 164
100 168 100 175
100 191 103 192
100 199 101 204
97 205 106 205
100 214 103 216
100 235 100 243
100 244 108 244
101 0 102 5
101 21 102 25
101 36 108 36
101 53 102 58
101 81 102 86
101 97 102 102
101 116 102 121
101 122 108 122
101 141 102 146
101 156 102 159
101 165 102 170
101 171 101 178
101 179 103 182
101 187 103 190
101 207 102 212
101 217 102 222
101 226 102 230
101 235 101 242
101 243 109 243
102 18 104 20
102 33 105 35
102 37 103 42
102 87 102 94
102 95 105 96
102 107 105 109
102 111 103 115
102 123 104 125
102 132 106 133
102 136 104 139
102 147 103 151
102 171 102 178
102 199 103 204
102 223 104 225
102 231 102 242
102 245 104 247
103 0 104 5
103 21 103 31
103 53 104 58
103 62 104 67
103 74 104 79
103 81 103 88
103 89 104 94
103 97 104 101
103 102 104 106
103 116 104 120
103 121 112 121
103 126 104 131
103 141 104 146
103 154 104 159
103 161 106 163
103 165 103 172
103 173 104 178
103 183 107 184
103 207 104 212
103 217 104 222
103 226 103 233
103 234 103 241
103 242 111 242
104 6 105 11
104 12 105 16
104 21 105 26
104 27 105 31
104 37 104 44
104 45 105 49
104 59 107 61
104 111 105 115
104 134 108 135
104 165 104 172
104 179 105 182
104 187 105 191
104 192 104 199
104 200 105 204
104 206 114 206
104 226 104 234
105 0 106 4
105 5 115 5
105 18 108 20
105 32 113 32
105 37 106 42
105 43 109 44
105 50 109 51
105 53 106 58
105 62 106 66
105 76 107 79
105 81 106 86
105 87 105 94
105 97 105 104
105 105 110 106
105 123 105 130
105 131 113 131
105 136 105 144
105 145 105 154
105 155 106 159
105 171 105 178
105 207 106 212
105 226 106 230
105 231 105 239
105 240 109 241
105 245 107 247
106 6 108 9
106 16 113 16
106 21 106 29
106 30 110 31
106 33 108 35
106 87 106 96
106 97 107 102
106 107 109 109
106 123 106 130
106 136 107 141
106 142 106 153
106 154 113 154
106 160 115 160
106 175 107 180
106 181 111 182
106 187 106 195
106 196 106 203
106 204 114 204
106 213 107 217
106 218 106 225
106 231 106 238
106 239 114 239
107 0 108 4
107 21 108 25
107 26 109 29
107 53 108 58
107 62 107 71
107 72 109 75
107 80 107 88
107 89 107 96
107 110 107 117
107 118 109 120
107 132 110 133
107 142 108 146
107 155 108 159
107 161 110 163
107 185 115 185
107 187 108 192
107 193 108 198
107 199 108 203
107 205 115 205
107 207 108 212
107 218 107 227
107 228 107 235
107 236 110 238
108 10 109 15
108 45 109 49
108 52 116 52
108 59 108 69
108 70 112 71
108 76 109 80
108 81 109 86
108 87 108 94
108 110 108 117
108 136 109 141
107 153 114 153
108 164 108 172
108 183 113 184
108 213 109 218
108 219 108 228
108 229 109 234
108 235 117 235
108 245 110 247
109 0 110 4
109 6 111 9
109 18 109 25
109 33 109 41
109 42 116 42
109 53 109 60
109 67 112 69
109 87 110 92
109 93 109 100
109 110 110 115
109 116 112 117
109 128 112 130
109 134 112 135
109 142 109 149
109 155 110 159
109 164 110 169
109 173 109 180
109 186 111 189
109 190 109 197
109 198 110 203
109 207 110 212
109 219 110 224
109 225 111 228
109 244 116 244
109 248 113 249
110 18 111 23
110 24 111 29
110 33 110 41
110 43 110 50
110 51 119 51
110 53 110 61
110 72 111 77
110 78 111 83
110 84 113 86
110 93 110 102
110 118 113 120
110 136 111 141
110 148 111 152
110 171 110 179
110 180 119 180
110 213 111 218
110 240 113 241
110 243 119 243
111 0 112 4
111 17 118 17
111 30 115 31
111 33 112 38
111 39 114 41
111 53 113 56
111 57 111 64
109 65 113 66
111 87 112 92
111 93 112 98
111 99 111 106
111 110 112 115
111 122 112 127
111 132 115 133
111 155 112 159
111 161 112 165
111 166 112 171
111 173 112 178
111 179 122 179
111 190 111 197
111 198 112 203
111 207 112 212
111 219 112 224
111 236 114 238
111 245 113 247
112 6 113 11
112 12 114 15
112 18 113 23
112 24 113 28
112 29 121 29
112 43 112 50
112 72 113 77
112 78 113 83
112 99 113 104
112 136 113 141
112 142 112 149
112 150 115 152
112 172 119 172
112 181 115 182
112 186 113 191
112 213 113 218
112 225 112 233
112 242 119 242
113 0 114 4
113 33 114 38
113 49 118 50
113 57 113 64
113 87 113 94
113 95 115 98
113 113 114 117
113 121 114 126
113 127 114 130
113 134 117 135
113 142 115 145
113 146 115 149
113 155 114 159
113 161 114 166
113 167 114 171
113 173 114 178
113 198 114 202
113 203 121 203
113 207 114 212
113 219 113 227
114 6 115 11
114 18 114 27
114 28 125 28
114 53 114 61
114 62 114 69
114 72 114 79
114 80 114 88
114 89 115 94
114 99 115 104
114 105 115 110
114 118 117 120
114 131 121 131
114 136 115 141
114 154 121 154
114 183 118 184
114 186 115 191
114 192 115 197
114 213 114 220
114 221 115 226
114 227 115 232
113 233 118 234
114 240 119 241
114 245 115 249
115 0 116 4
115 12 116 16
115 18 115 25
115 26 119 27
115 33 115 40
115 41 126 41
115 43 116 48
115 53 115 61
115 62 115 69
115 70 116 74
115 78 115 87
115 88 123 88
115 111 116 115
115 116 119 117
115 121 116 126
115 127 116 130
115 153 124 153
115 166 116 171
115 198 116 202
115 204 125 204
115 206 116 211
115 218 118 220
116 9 118 11
116 18 117 23
116 24 119 25
116 30 116 37
116 38 119 40
116 53 116 61
116 80 116 87
116 89 117 94
116 95 116 102
116 132 120 133
116 136 117 141
116 142 116 151
116 152 124 152
116 160 117 165
116 181 120 182
116 185 116 192
116 193 117 197
116 205 123 205
116 227 117 232
116 245 117 249
117 0 118 5
117 12 118 16
117 30 119 33
117 34 119 37
117 42 118 47
117 48 126 48
117 52 117 60
117 61 117 69
117 70 117 79
117 80 117 87
117 95 117 103
117 104 117 111
117 112 118 115
117 121 118 126
117 127 119 130
117 142 117 149
117 150 121 151
117 155 118 159
117 166 118 171
117 173 118 178
117 185 117 192
117 206 117 215
117 244 125 244
118 18 119 23
118 52 118 60
118 61 118 68
118 69 119 73
118 74 118 83
118 84 120 87
118 89 119 94
118 95 119 100
118 101 118 108
118 109 120 111
118 118 120 120
118 134 118 141
118 142 119 147
118 148 123 149
118 185 119 190
118 196 119 201
118 206 119 210
118 221 119 226
118 227 119 232
119 0 121 3
119 4 120 9
119 42 120 47
119 49 122 50
119 52 120 57
119 58 120 63
119 74 121 77
119 78 120 83
119 101 120 106
119 121 120 126
119 134 120 139
119 140 123 141
119 155 120 158
119 159 121 162
119 173 120 177
119 178 129 178
119 183 123 184
119 218 122 220
119 233 120 237
120 10 120 17
120 18 121 21
120 22 121 27
120 30 120 37
120 38 123 40
120 51 128 51
120 69 121 73
120 89 120 97
120 98 122 100
120 142 121 147
120 171 125 172
120 180 130 180
120 185 121 190
120 191 120 199
120 200 122 202
120 206 120 213
120 221 120 230
120 231 123 232
120 238 121 243
120 245 121 249
121 4 121 11
121 12 122 17
121 36 124 37
121 42 122 47
121 58 121 65
121 66 124 68
121 78 122 82
121 83 122 87
121 101 121 108
121 109 122 113
121 118 121 125
121 126 122 130
121 132 122 137
121 138 125 139
121 155 123 158
121 169 124 170
121 173 122 177
121 181 126 182
121 191 121 199
121 212 122 216
120 217 127 217
122 18 122 25
122 26 127 27
122 29 123 34
122 55 122 64
122 65 130 65
122 69 123 74
122 75 124 77
122 89 122 96
121 97 129 97
122 101 123 106
122 114 122 123
122 124 126 125
122 131 129 131
122 142 123 147
122 150 127 151
122 159 122 166
122 167 126 168
122 185 122 194
122 195 123 199
122 203 130 203
122 221 123 226
122 227 124 230
122 238 123 243
122 245 123 249
123 10 123 18
121 35 128 35
123 42 124 47
123 49 127 50
123 57 123 64
123 78 124 82
123 83 124 87
123 89 123 96
123 109 123 116
123 118 124 122
123 132 124 137
123 159 124 163
123 164 126 166
123 179 131 179
123 185 123 192
123 193 128 194
123 200 126 202
123 206 123 213
123 214 125 216
123 218 125 220
123 233 124 237
124 0 124 7
124 8 125 11
124 29 125 34
124 38 127 40
124 58 125 62
124 63 127 64
124 88 125 92
124 93 125 96
124 101 124 108
124 140 125 145
124 146 126 149
124 155 125 158
124 183 124 190
124 191 127 192
124 205 125 210
124 211 126 213
124 221 125 226
124 231 129 232
124 238 125 243
125 0 126 4
125 5 128 7
125 12 126 17
125 36 130 37
125 52 126 56
125 57 132 57
125 66 126 69
125 79 125 86
125 87 135 87
125 100 125 107
125 108 126 113
125 132 126 137
125 152 127 154
125 159 126 163
125 169 129 170
125 173 126 176
123 177 132 177
125 183 126 188
125 189 129 190
125 227 127 230
125 233 126 237
126 8 128 11
126 18 126 25
126 58 127 62
126 82 127 86
126 94 129 96
126 101 128 104
126 105 128 107
126 114 127 119
126 155 128 158
126 195 127 199
126 204 127 209
126 210 134 210
126 214 128 216
126 218 127 223
126 224 128 226
126 238 126 246
126 247 128 249
127 0 128 4
127 12 127 19
127 20 128 25
127 41 128 46
127 47 132 48
127 52 128 56
127 66 127 73
127 98 130 100
127 108 128 113
127 120 127 128
127 129 130 130
127 132 128 137
127 138 127 145
127 146 128 149
127 159 129 162
127 163 128 168
127 173 128 176
127 200 129 202
127 211 129 213
127 233 127 240
127 241 128 246
128 12 128 19
128 26 129 31
128 38 131 40
128 49 133 50
128 58 129 63
128 64 138 64
128 66 128 73
128 74 129 78
128 88 129 93
128 114 128 121
128 122 129 126
128 127 131 128
128 150 129 154
128 191 132 192
128 195 129 199
128 204 129 209
128 233 129 237
128 238 131 240
129 0 130 5
129 6 129 13
129 14 130 19
129 34 133 35
129 41 130 46
129 51 130 56
129 70 131 73
129 79 130 84
129 85 132 86
129 101 129 109
129 110 130 115
129 116 130 121
129 132 130 136
129 137 130 141
129 155 131 158
129 163 130 168
129 173 131 176
129 181 130 186
129 187 133 188
129 193 134 194
129 214 129 224
129 241 130 246
129 247 132 249
130 6 130 13
130 26 130 33
130 58 131 63
130 88 130 95
130 96 133 97
130 101 131 106
130 107 132 109
130 131 140 131
130 142 131 147
130 159 131 162
130 178 140 178
130 189 135 190
130 201 133 202
130 204 131 209
130 211 130 218
130 219 130 226
130 230 130 237
131 0 132 5
131 6 132 11
131 18 131 25
131 36 135 37
131 41 132 46
131 51 132 56
131 65 132 69
131 79 132 84
131 110 131 117
131 118 132 123
131 129 135 130
131 132 131 140
131 141 138 141
131 180 132 185
131 186 138 186
131 203 142 203
131 211 132 215
131 216 131 223
131 224 132 229
131 230 132 235
131 241 132 245
131 246 138 246
132 17 133 22
132 23 132 30
132 31 135 33
132 38 134 40
132 58 133 63
132 88 133 93
132 94 136 95
132 101 133 106
132 124 133 128
132 132 132 140
132 142 133 146
132 147 133 152
132 159 133 164
132 173 134 176
132 179 143 179
132 195 133 200
132 204 133 209
132 238 134 240
133 0 134 5
133 6 134 10
133 11 134 16
133 41 133 48
133 65 133 73
133 74 134 78
133 85 137 86
133 107 134 112
133 113 135 116
133 117 134 122
133 132 133 139
133 140 142 140
133 165 134 170
132 171 135 172
133 180 134 185
133 191 137 192
133 211 134 216
133 228 134 233
133 234 135 237
133 247 135 249
134 23 135 27
134 28 136 30
134 34 137 35
134 41 134 51
134 58 135 63
134 65 134 72
134 73 142 73
134 88 135 93
134 96 134 104
134 105 138 106
134 124 135 128
134 132 135 137
134 138 138 139
134 147 134 154
134 155 135 160
134 161 136 164
134 187 138 188
134 195 134 202
134 204 135 209
134 217 134 224
133 225 135 227
135 0 135 7
135 8 136 13
135 44 136 49
135 71 138 72
135 74 135 83
133 84 140 84
135 96 136 101
135 102 137 104
135 107 136 112
135 117 136 121
135 148 136 153
135 154 143 154
135 165 136 170
135 173 136 177
135 193 135 201
135 202 144 202
135 210 136 215
135 216 135 223
135 228 136 233
136 0 137 5
136 6 140 7
136 20 137 25
136 26 141 27
136 36 138 39
136 50 137 55
136 56 136 63
136 74 137 79
136 80 138 83
136 113 138 116
136 129 139 130
136 132 137 137
136 142 137 147
136 155 137 160
136 171 140 172
136 189 141 190
136 193 137 198
136 199 139 201
136 204 137 209
136 216 136 223
136 225 138 227
136 234 137 238
136 247 139 249
137 8 137 18
137 28 138 33
137 40 137 47
137 48 142 49
137 56 138 61
137 62 141 63
137 101 144 101
137 107 138 111
137 112 144 112
137 148 138 153
137 161 138 166
137 167 138 170
137 173 138 177
137 180 138 185
137 210 138 214
137 215 137 222
137 223 140 224
137 228 138 233
137 239 139 242
137 243 140 245
138 0 139 4
138 8 139 11
138 12 139 17
138 18 139 23
138 24 142 25
138 34 141 35
138 50 139 55
138 74 140 77
138 78 142 79
138 85 138 92
138 124 139 128
138 132 139 137
138 142 139 146
138 147 147 147
138 197 141 198
138 204 139 209
138 215 138 222
139 28 140 33
139 36 139 43
139 44 141 47
139 56 140 61
139 64 140 68
139 69 141 72
139 85 140 89
139 104 139 111
139 113 140 118
139 119 140 123
139 138 142 139
139 141 147 141
139 148 140 153
139 160 139 167
139 173 140 177
139 180 140 185
139 186 141 188
139 210 140 215
139 216 140 221
139 222 148 222
139 225 140 228
139 229 139 236
139 246 146 246
140 0 141 5
140 8 141 13
140 14 140 21
140 22 145 23
140 36 141 41
140 42 145 43
140 105 141 110
140 132 141 137
140 142 141 146
140 155 140 162
140 163 141 167
140 191 141 195
140 196 147 196
140 199 143 201
140 204 141 209
140 229 140 238
140 239 141 242
140 247 142 249
141 14 141 21
141 28 142 33
141 56 142 61
141 64 142 68
141 74 143 77
141 84 141 91
141 113 141 120
141 121 141 129
141 148 142 153
141 155 142 160
141 161 146 162
141 178 150 178
141 210 141 219
141 220 145 221
141 223 142 227
141 228 142 233
141 234 142 238
142 0 142 9
142 10 142 18
142 19 144 21
142 26 147 27
142 40 146 41
142 44 144 47
142 50 143 54
142 62 146 63
142 69 143 72
142 80 142 88
142 89 143 93
142 102 142 111
142 113 142 124
142 125 143 130
142 132 143 137
142 142 143 146
142 163 142 170
142 185 142 192
142 193 144 195
142 197 147 198
142 204 142 214
142 215 143 219
143 0 143 7
143 8 144 13
143 14 144 18
143 24 148 25
143 28 143 36
143 48 146 49
143 56 144 61
143 73 154 73
143 78 143 85
143 86 146 88
143 94 144 99
143 100 150 100
143 102 144 107
143 108 145 111
143 113 143 120
143 121 144 124
143 138 145 140
143 148 144 153
143 155 144 160
143 163 143 172
143 173 144 177
143 180 143 187
143 188 144 192
143 203 143 210
143 211 145 214
143 223 143 230
143 236 143 243
143 247 146 249
144 28 144 36
144 37 146 39
144 50 145 55
144 69 145 72
144 74 144 82
144 83 147 85
144 113 145 118
144 119 149 120
144 125 145 129
144 132 145 137
144 142 145 146
144 163 144 170
144 171 148 172
144 199 147 201
144 223 144 230
144 236 145 241
144 242 146 245
145 0 145 8
145 9 146 14
145 21 154 21
145 28 145 35
145 36 152 36
145 56 146 61
145 64 146 68
145 74 145 81
145 82 154 82
145 94 146 99
145 112 152 112
145 148 146 153
145 163 146 167
145 173 146 177
145 179 145 187
145 202 145 209
144 210 154 210
145 223 145 230
146 0 146 7
146 22 150 23
146 28 146 35
146 42 147 46
146 50 147 55
146 69 147 72
146 74 146 81
146 92 151 93
146 107 147 111
146 113 147 118
146 125 147 130
146 132 147 137
146 138 149 140
146 142 147 146
146 179 147 184
146 185 146 192
146 193 148 195
146 202 147 206
146 207 149 209
146 223 146 230
146 236 147 241
147 0 147 7
147 9 147 16
147 28 147 35
147 56 147 63
147 64 148 68
147 74 148 79
147 86 148 91
147 94 148 99
144 131 152 131
147 148 148 153
147 155 148 160
147 173 149 176
147 177 158 177
147 191 151 192
147 223 148 228
147 248 150 249
148 0 149 4
148 6 149 11
148 12 149 17
148 26 149 31
148 32 149 35
148 42 148 49
148 50 149 55
148 56 148 63
148 69 150 72
148 83 150 85
148 101 149 106
148 107 149 111
148 121 149 126
148 127 150 130
148 132 149 137
148 141 149 146
148 147 155 147
148 161 149 165
148 166 149 170
148 179 149 184
148 196 149 200
148 201 149 205
148 206 156 206
148 211 148 218
147 219 150 221
148 229 149 233
148 234 148 241
149 24 153 25
149 37 150 41
149 42 150 46
149 56 150 61
149 86 150 90
149 91 157 91
149 94 150 99
149 155 150 159
149 160 156 160
149 171 152 172
149 185 150 190
149 193 151 195
149 234 149 241
149 242 150 247
150 0 151 5
150 6 151 10
150 11 151 16
150 17 152 20
150 26 151 31
150 32 152 35
150 50 151 55
150 62 151 66
149 67 154 68
150 101 150 109
150 110 154 111
150 113 151 117
150 118 151 123
150 124 152 126
150 132 150 140
150 141 151 146
150 161 151 166
150 167 152 170
150 173 151 176
150 179 151 184
150 196 150 204
150 205 160 205
150 207 153 209
150 222 150 229
150 230 151 235
150 236 151 240
150 241 158 241
151 22 154 23
151 37 152 42
151 43 152 48
151 49 158 49
151 56 152 61
151 69 153 72
151 74 151 81
151 83 153 86
151 87 153 90
151 94 152 99
151 100 151 108
151 109 158 109
151 127 153 130
151 138 154 140
151 148 152 152
151 178 159 178
151 185 152 190
151 196 152 201
151 202 154 204
151 211 152 216
151 217 152 222
151 242 152 246
152 5 152 12
152 13 153 16
152 26 153 31
152 62 153 66
152 74 152 81
152 113 152 120
152 121 155 123
152 141 153 146
151 159 158 159
152 161 153 166
152 173 154 176
152 179 153 183
152 191 153 195
152 223 153 227
152 228 154 231
153 6 154 11
153 12 163 12
153 32 154 36
153 37 154 42
153 43 154 48
153 56 154 61
153 79 156 81
153 94 155 97
153 98 154 103
153 112 154 117
153 118 155 120
153 124 156 126
153 148 153 157
153 167 154 172
153 185 154 190
153 196 154 201
153 220 156 222
153 242 153 249
154 13 155 18
154 29 157 31
154 50 155 54
154 55 161 55
154 62 155 66
154 69 155 72
154 87 155 90
154 127 154 134
154 135 156 137
154 141 155 146
154 148 155 153
154 155 155 158
154 161 155 166
154 179 155 184
154 191 155 195
154 207 156 209
154 223 155 227
154 232 154 239
154 240 161 240
154 242 155 247
155 6 156 11
155 21 156 25
155 32 155 39
155 56 156 61
155 67 158 68
155 73 156 78
155 82 156 86
155 98 155 107
154 108 161 108
155 127 156 132
155 133 158 134
155 138 157 140
155 167 155 175
155 176 162 176
155 185 156 190
155 196 156 200
155 201 157 204
155 210 155 219
155 248 159 249
156 0 158 3
153 4 157 5
156 26 159 28
156 32 158 35
156 36 156 43
156 44 157 48
156 50 157 54
156 62 157 66
156 69 158 72
156 87 158 90
156 94 156 101
156 102 157 107
156 110 157 115
156 116 157 121
156 122 160 123
156 141 156 149
156 150 156 157
156 161 157 165
156 179 157 184
156 191 157 195
156 210 157 215
156 223 157 228
156 229 156 237
156 238 160 239
156 242 157 247
157 13 158 18
157 56 158 61
157 79 157 86
157 94 158 99
157 100 161 101
157 130 160 132
157 135 160 137
157 141 158 146
157 147 157 154
157 155 159 158
157 160 165 160
157 166 158 171
157 172 158 175
157 185 158 190
157 196 158 200
157 206 159 209
157 220 159 222
158 4 158 11
158 19 159 24
157 25 166 25
158 29 160 31
158 43 159 48
158 62 159 66
158 78 158 85
158 91 161 93
158 102 159 107
158 110 158 119
158 120 162 121
158 138 161 140
158 161 159 165
158 179 159 184
158 191 159 195
158 201 160 204
158 210 158 217
158 223 158 231
158 242 159 247
159 6 160 10
159 11 168 11
159 13 160 18
159 32 161 35
159 49 160 53
159 56 160 60
159 61 167 61
159 67 159 76
159 77 159 84
159 85 160 90
159 94 160 99
159 109 160 114
159 115 160 119
159 124 160 129
159 133 162 134
159 141 160 146
159 147 160 152
159 153 162 154
159 159 166 159
159 166 160 170
159 171 160 175
159 177 166 177
159 185 160 190
159 196 160 200
159 210 159 217
159 218 163 219
159 227 160 232
159 241 166 241
160 19 161 24
160 26 163 28
160 36 161 41
160 44 161 48
158 54 167 54
160 62 161 67
160 68 161 73
160 74 160 84
160 102 161 107
160 178 161 183
160 191 161 195
160 206 160 213
160 214 161 217
160 220 161 225
160 233 161 237
161 0 161 9
161 13 162 18
161 29 163 31
161 49 162 53
161 56 162 60
161 74 162 79
161 80 162 84
161 85 162 90
161 94 162 99
161 109 161 116
161 117 163 119
161 122 161 129
161 130 163 132
161 135 164 137
161 141 161 149
161 150 164 152
161 162 161 172
161 185 162 190
161 196 161 207
161 208 162 213
161 227 162 232
161 238 165 239
162 0 162 7
162 8 164 10
162 19 163 24
162 32 162 39
162 46 164 48
162 55 170 55
162 68 163 73
162 91 165 93
162 100 163 105
162 106 162 113
162 138 162 146
162 147 164 149
162 161 163 166
162 167 163 172
162 191 163 196
162 197 163 201
162 202 163 207
162 214 164 217
162 220 163 224
162 225 165 226
162 240 171 240
162 242 162 249
163 0 163 7
163 13 164 18
163 32 163 39
163 56 164 60
163 74 164 79
163 87 165 90
163 94 164 99
163 120 163 128
163 133 167 134
163 153 164 157
163 176 171 176
163 178 163 185
163 186 164 190
163 208 164 213
163 227 163 234
163 242 163 249
164 0 165 5
164 12 171 12
164 19 165 24
164 26 165 31
164 32 164 40
164 41 165 45
164 68 165 73
164 113 164 123
164 138 165 143
164 144 167 146
164 161 164 168
164 169 165 174
164 178 164 185
164 191 164 199
164 200 165 205
164 206 167 207
164 227 164 234
164 235 166 237
164 242 164 249
165 8 168 10
165 13 166 18
165 38 167 40
165 52 168 53
165 56 166 60
165 94 166 99
165 106 165 113
165 117 165 124
165 147 165 154
165 155 167 158
165 161 167 164
165 165 167 168
165 175 172 175
165 178 167 181
165 182 166 186
165 187 165 194
165 208 165 215
165 216 166 221
165 222 168 224
165 242 166 246
165 247 168 249
166 19 167 24
166 26 167 30
166 31 167 35
166 41 167 46
166 67 166 74
166 75 167 80
166 81 167 86
166 100 166 108
166 109 167 114
166 115 167 119
166 126 167 130
166 131 170 132
166 138 167 143
166 147 167 152
166 153 170 154
166 169 167 174
166 187 166 194
166 200 167 204
166 205 176 205
166 214 169 215
166 225 166 232
165 233 170 234
166 238 170 239
167 0 168 4
167 5 169 7
167 13 168 18
167 25 175 25
167 36 170 37
167 56 168 60
167 68 168 73
167 74 177 74
167 87 167 94
167 95 167 102
167 159 170 160
167 177 175 177
167 182 167 191
167 216 168 221
167 225 168 230
167 231 170 232
167 235 170 237
168 19 169 24
168 26 169 31
168 32 170 35
168 38 168 46
168 54 177 54
168 66 172 67
168 75 168 82
168 83 168 92
168 98 168 105
168 106 168 117
168 118 169 123
168 124 170 127
168 128 171 130
168 137 168 144
168 145 169 150
168 151 173 152
168 155 169 158
168 161 169 165
168 166 169 171
168 172 171 174
168 183 168 190
168 191 169 196
168 197 168 204
169 8 171 11
169 16 172 18
169 38 169 46
169 47 170 52
169 53 176 53
169 56 169 63
169 68 170 73
169 75 169 83
169 90 170 95
169 99 170 104
169 105 170 110
169 111 170 116
169 117 180 117
169 143 172 144
169 183 169 190
169 206 169 213
169 216 170 221
169 228 172 230
169 241 170 246
170 5 172 7
170 19 171 24
170 26 171 31
170 38 172 41
170 42 171 46
170 56 170 63
170 64 174 65
170 75 170 82
170 83 171 88
170 96 173 98
170 118 171 123
170 145 171 150
170 155 172 158
170 161 170 170
170 171 178 171
170 178 171 182
170 189 170 196
170 197 171 201
169 202 172 204
170 206 170 213
170 214 173 215
171 32 172 37
171 47 172 52
171 55 172 60
171 61 173 63
171 68 172 73
171 75 171 82
171 99 171 106
171 107 172 111
171 112 172 116
171 124 172 127
171 131 171 139
171 140 173 142
171 153 176 154
171 159 172 164
171 165 172 170
171 189 171 196
171 206 172 211
171 216 171 223
171 224 172 227
171 231 171 238
171 239 182 239
171 241 171 248
172 19 173 24
172 26 173 31
172 42 173 46
172 75 173 80
172 81 173 86
172 87 173 91
172 92 174 95
172 99 173 104
172 118 173 123
172 128 172 135
172 136 173 139
172 145 173 150
172 172 174 174
172 176 181 176
172 178 172 185
172 186 172 193
172 194 172 201
172 216 172 223
173 0 174 5
173 6 173 16
173 17 178 18
173 32 173 41
173 47 174 52
173 55 174 60
173 66 174 71
173 72 176 73
173 107 174 112
173 113 175 116
173 124 173 132
173 133 175 135
173 143 177 144
173 167 174 170
173 178 174 182
173 183 174 187
173 188 174 192
173 199 174 203
173 204 183 204
173 206 174 211
173 228 174 233
173 240 173 247
172 248 176 249
174 6 174 14
174 15 178 16
174 19 176 22
174 23 178 24
174 32 175 37
174 38 174 45
174 46 184 46
174 61 177 63
174 75 174 82
174 83 174 90
174 91 182 91
174 118 174 125
174 126 175 131
174 136 175 141
174 142 183 142
174 145 174 152
174 161 175 166
174 214 175 218
174 219 175 224
175 0 176 5
175 6 175 14
175 38 176 43
175 44 179 45
175 55 176 60
175 64 175 71
175 75 175 85
175 90 182 90
175 92 175 100
175 101 175 110
175 124 179 125
175 172 177 175
175 178 176 183
175 184 175 192
175 193 175 200
175 206 175 213
175 234 176 238
176 6 176 13
176 14 185 14
176 25 177 30
176 64 176 71
176 75 177 80
176 92 177 97
176 98 176 105
176 107 176 114
176 115 180 116
176 126 176 135
176 136 177 141
176 145 176 152
176 161 177 165
176 177 186 177
176 189 176 196
176 197 177 202
176 206 176 213
176 214 176 222
176 223 177 228
177 0 177 7
177 8 178 13
177 19 179 22
177 31 178 36
177 55 178 60
177 64 177 72
177 73 184 73
177 81 178 86
177 98 177 105
177 113 181 114
177 118 178 123
177 126 178 130
177 131 178 135
177 145 177 152
177 153 178 158
177 159 181 160
177 178 178 183
177 190 178 195
177 196 186 196
177 205 177 212
177 213 177 220
177 221 181 222
177 229 177 236
177 237 181 238
177 240 178 245
177 246 178 249
178 0 179 5
178 6 181 7
178 25 179 30
178 37 179 42
178 43 185 43
178 47 178 54
178 67 179 72
178 74 179 79
178 80 187 80
178 87 181 89
178 92 178 99
178 100 178 107
178 136 179 141
178 143 179 148
178 149 179 152
178 161 179 166
178 167 179 170
178 184 179 189
178 205 179 209
178 210 178 219
178 220 186 220
178 223 178 230
178 231 179 236
179 23 183 24
179 31 180 36
179 47 179 54
179 55 179 62
179 81 180 86
179 92 179 101
179 102 180 105
179 118 180 123
179 126 180 130
179 131 181 134
179 135 190 135
179 178 180 183
179 190 180 195
178 197 179 201
179 202 183 203
179 210 179 219
179 223 179 230
179 240 179 248
179 249 188 249
180 0 181 5
180 19 182 22
180 25 181 30
180 37 181 42
180 47 181 52
180 58 180 65
180 74 181 79
180 92 180 100
180 101 187 101
180 124 184 125
180 136 181 141
180 143 180 151
180 161 180 168
180 184 181 189
180 197 182 200
180 201 188 201
180 205 181 210
180 211 181 215
180 223 180 230
180 231 181 236
180 240 180 247
180 248 187 248
181 8 182 13
181 31 182 36
181 59 182 64
181 65 181 72
181 81 182 86
181 102 182 107
181 108 182 112
181 126 182 130
181 143 181 151
181 157 186 158
181 161 181 170
181 178 182 183
181 190 182 195
181 240 181 247
182 15 183 18
182 25 183 30
182 37 183 42
182 57 187 58
182 70 185 72
182 74 183 79
182 87 184 89
182 92 183 97
182 98 185 100
182 113 182 120
182 121 184 123
182 136 183 141
182 143 183 148
182 149 182 156
182 159 182 166
182 167 183 172
182 173 184 176
182 184 183 189
182 205 182 212
182 213 183 218
182 221 182 228
182 235 184 238
182 240 182 247
183 0 183 10
183 11 185 13
183 19 185 22
183 31 184 36
183 81 184 86
183 90 187 91
183 102 183 109
183 110 184 114
183 115 184 120
183 126 184 131
183 178 184 183
183 190 184 195
183 197 185 200
183 211 187 212
183 219 190 219
183 221 183 229
183 239 183 247
184 29 188 30
184 37 185 42
184 53 186 56
184 74 185 78
184 79 192 79
184 92 185 97
184 136 185 141
184 142 184 149
184 150 185 154
184 159 184 166
184 167 185 172
184 184 185 189
184 202 185 207
184 213 185 218
184 232 187 234
184 239 184 247
185 0 185 8
185 31 186 36
185 46 186 50
185 59 185 67
185 73 194 73
185 81 186 86
185 102 185 110
185 111 185 122
185 123 185 130
185 131 187 134
185 142 185 149
185 159 185 166
185 173 187 176
185 190 186 195
185 208 187 210
185 235 186 240
186 0 187 5
186 6 186 13
186 14 186 23
186 37 187 41
186 42 188 45
186 51 191 52
186 59 186 68
186 69 188 72
186 74 187 78
186 92 187 97
186 102 187 107
186 108 186 115
186 116 186 123
186 136 186 144
186 145 186 153
186 154 188 156
186 159 187 163
186 184 187 189
186 197 188 200
186 202 187 207
186 213 187 218
186 227 187 231
187 6 187 13
187 14 187 23
187 31 188 36
187 46 188 50
187 53 189 56
187 59 187 66
187 67 190 68
187 81 187 88
187 108 187 115
187 122 187 129
187 130 194 130
187 136 187 143
187 144 187 153
187 157 191 158
187 190 188 194
187 195 192 196
187 235 187 242
188 0 189 5
188 6 189 11
188 12 188 19
188 20 188 27
185 28 194 28
188 37 189 41
188 57 189 61
188 62 189 66
188 74 189 78
188 80 189 85
188 86 189 91
188 92 189 97
188 101 189 105
188 106 188 113
188 114 189 118
188 122 189 127
188 128 192 129
188 131 190 134
188 136 189 141
188 148 189 153
188 159 188 167
188 168 189 172
188 173 188 181
188 182 188 189
188 202 188 209
188 210 188 217
188 225 188 232
188 233 188 240
188 241 188 248
189 17 189 24
189 25 191 27
189 29 189 36
189 42 189 50
189 69 190 72
189 119 192 121
189 154 192 156
189 173 189 180
189 181 189 189
189 190 190 194
189 197 190 202
189 203 189 210
189 217 192 218
189 220 189 229
189 230 189 238
189 239 189 246
189 247 192 249
190 4 190 11
190 18 191 23
190 29 191 34
190 41 190 48
190 49 194 50
190 53 191 58
190 59 192 62
190 63 192 66
190 74 191 78
190 80 191 84
190 85 191 90
190 91 190 100
190 101 191 106
190 122 191 127
190 136 190 143
190 144 191 149
190 150 192 153
190 159 191 163
190 164 190 172
190 173 190 180
190 181 191 186
190 203 190 210
190 220 190 229
190 230 191 234
190 235 190 242
190 243 191 246
191 4 192 8
191 9 191 16
190 17 199 17
191 40 191 47
191 97 192 100
191 131 191 139
191 140 193 143
191 164 191 171
191 172 192 177
191 178 194 180
191 190 192 194
191 197 191 205
191 206 191 215
189 216 198 216
191 219 191 226
191 227 193 229
191 235 192 240
191 241 194 242
192 18 192 25
192 26 195 27
192 34 192 41
192 42 193 47
192 51 192 58
192 74 193 78
192 80 192 88
192 101 192 109
192 111 193 116
192 122 193 127
192 131 192 138
192 144 193 149
192 157 192 164
192 181 192 188
192 207 192 214
192 219 192 226
192 243 194 246
193 0 193 11
193 12 194 16
193 18 194 23
193 24 197 25
193 34 193 41
193 51 194 56
193 57 193 64
193 79 193 89
193 92 193 101
193 119 195 121
193 131 194 136
193 137 195 139
193 150 194 155
193 156 193 163
193 164 194 169
193 170 194 174
193 175 195 177
193 208 194 212
193 213 195 215
193 217 193 224
193 225 197 226
193 235 194 240
193 247 195 249
194 0 194 7
194 8 196 11
194 29 195 34
194 35 195 39
194 46 196 48
194 57 194 64
194 65 195 70
194 71 197 72
194 74 194 84
194 85 194 92
194 93 194 100
194 101 194 110
194 140 195 145
194 146 196 149
194 181 195 186
194 187 195 192
194 193 194 200
194 201 195 205
194 206 199 207
194 217 195 222
194 223 198 224
194 227 195 232
194 233 198 234
195 5 198 7
195 12 196 16
195 18 196 23
195 49 195 56
195 57 195 64
195 73 195 81
195 86 195 93
195 94 196 98
195 99 196 104
195 105 195 112
195 113 196 118
195 130 196 134
195 150 195 157
195 161 195 170
195 171 197 174
195 178 197 180
195 193 196 197
195 198 197 200
195 208 196 211
195 235 195 242
196 26 196 34
196 49 196 56
196 57 197 61
196 62 197 66
196 67 198 70
196 73 197 78
196 79 196 86
196 91 199 93
196 105 197 110
196 119 196 129
196 137 197 141
196 150 197 155
196 156 197 161
196 175 198 177
196 181 196 192
196 201 197 205
196 213 199 215
196 217 197 222
196 227 197 232
196 235 196 242
196 247 198 249
197 0 198 4
197 8 198 13
197 38 197 45
197 46 197 53
197 85 198 90
197 94 197 101
197 102 199 104
197 114 197 124
197 125 197 132
197 146 198 149
197 167 199 170
197 181 197 189
197 194 199 197
197 208 198 212
197 235 198 240
197 241 198 246
198 24 199 28
198 29 198 38
198 39 199 43
198 44 198 51
198 52 199 57
198 58 199 63
198 71 199 76
198 98 199 101
198 105 198 116
198 118 199 122
198 123 198 132
198 137 198 144
198 150 199 155
198 156 198 163
198 178 198 185
198 198 198 205
198 217 199 222
198 225 198 232
199 9 199 16
199 29 199 38
199 105 199 112
199 123 199 131
199 141 199 149
199 156 199 165
199 175 199 182
199 198 199 205
199 223 199 232
199 233 199 240
